Tue May 09 23:20:45 CEST 2017 : start
List of C-family programming languages links Category:C_programming_language_family : true
ACC (programming language) links Category:C_programming_language_family : false
Alef (programming language) links Category:C_programming_language_family : true
C (programming language) links Category:C_programming_language_family : false
C/C++ Users Journal links Category:C_programming_language_family : false
C Object Processor links Category:C_programming_language_family : true
Cω links Category:C_programming_language_family : false
Comparison of C Sharp and Java links Category:C_programming_language_family : true
Comparison of C Sharp and Visual Basic .NET links Category:C_programming_language_family : true
C-- links Category:C_programming_language_family : true
Cg (programming language) links Category:C_programming_language_family : true
Ch (computer programming) links Category:C_programming_language_family : true
Chapel (programming language) links Category:C_programming_language_family : true
Cilk links Category:C_programming_language_family : true
CINT links Category:C_programming_language_family : true
Communication Access Programming Language links Category:C_programming_language_family : true
Const (computer programming) links Category:C_programming_language_family : true
CPAchecker links Category:C_programming_language_family : true
Cyclone (programming language) links Category:C_programming_language_family : true
D (programming language) links Category:C_programming_language_family : true
Dart (programming language) links Category:C_programming_language_family : true
Dataparallel-C links Category:C_programming_language_family : false
EC (programming language) links Category:C_programming_language_family : true
ECMAScript links Category:C_programming_language_family : true
Embedded C links Category:C_programming_language_family : true
Frama-C links Category:C_programming_language_family : true
Function prototype links Category:C_programming_language_family : true
GEOS Object C links Category:C_programming_language_family : false
OpenGL Shading Language links Category:C_programming_language_family : true
Go (programming language) links Category:C_programming_language_family : true
GOC (GEOS) links Category:C_programming_language_family : false
Handel-C links Category:C_programming_language_family : true
High Integrity C++ links Category:C_programming_language_family : false
Intel Parallel Building Blocks links Category:C_programming_language_family : false
Java (programming language) links Category:C_programming_language_family : true
Lightweight Java links Category:C_programming_language_family : false
Limbo (programming language) links Category:C_programming_language_family : true
Lite-C links Category:C_programming_language_family : true
LPC (programming language) links Category:C_programming_language_family : true
MISRA C links Category:C_programming_language_family : true
NesC links Category:C_programming_language_family : true
Newsqueak links Category:C_programming_language_family : true
Not eXactly C links Category:C_programming_language_family : true
Not Quite C links Category:C_programming_language_family : true
Oak (programming language) links Category:C_programming_language_family : false
Objective-C links Category:C_programming_language_family : true
OpenACC links Category:C_programming_language_family : true
OpenHMPP links Category:C_programming_language_family : true
OpenMP links Category:C_programming_language_family : true
P* links Category:C_programming_language_family : true
P4 (programming language) links Category:C_programming_language_family : true
Perl links Category:C_programming_language_family : true
Polyphonic C Sharp links Category:C_programming_language_family : false
Pro*C links Category:C_programming_language_family : true
PROMAL links Category:C_programming_language_family : false
SA-C (programming language) links Category:C_programming_language_family : true
SAC programming language links Category:C_programming_language_family : true
Small-C links Category:C_programming_language_family : true
Spec Sharp links Category:C_programming_language_family : false
Split-C links Category:C_programming_language_family : true
Treelang links Category:C_programming_language_family : true
Unified Parallel C links Category:C_programming_language_family : true
UnitTestCg links Category:C_programming_language_family : false
Urbiscript links Category:C_programming_language_family : true
Vala (programming language) links Category:C_programming_language_family : true
XMTC links Category:C_programming_language_family : true
Tue May 09 23:22:45 CEST 2017 : end
