Tue May 09 20:16:04 CEST 2017 : start
List of C-family programming languages links C programming language family : false
ACC (programming language) links C programming language family : false
Alef (programming language) links C programming language family : false
C (programming language) links C programming language family : false
C/C++ Users Journal links C programming language family : false
C Object Processor links C programming language family : false
Cω links C programming language family : false
Comparison of C Sharp and Java links C programming language family : false
Comparison of C Sharp and Visual Basic .NET links C programming language family : false
C-- links C programming language family : false
Cg (programming language) links C programming language family : false
Ch (computer programming) links C programming language family : false
Chapel (programming language) links C programming language family : false
Cilk links C programming language family : false
CINT links C programming language family : false
Communication Access Programming Language links C programming language family : false
Const (computer programming) links C programming language family : false
CPAchecker links C programming language family : false
Cyclone (programming language) links C programming language family : false
D (programming language) links C programming language family : false
Dart (programming language) links C programming language family : false
Dataparallel-C links C programming language family : false
EC (programming language) links C programming language family : false
ECMAScript links C programming language family : false
Embedded C links C programming language family : false
Frama-C links C programming language family : false
Function prototype links C programming language family : false
GEOS Object C links C programming language family : false
OpenGL Shading Language links C programming language family : false
Go (programming language) links C programming language family : false
GOC (GEOS) links C programming language family : false
Handel-C links C programming language family : false
High Integrity C++ links C programming language family : false
Intel Parallel Building Blocks links C programming language family : false
Java (programming language) links C programming language family : false
Lightweight Java links C programming language family : false
Limbo (programming language) links C programming language family : false
Lite-C links C programming language family : false
LPC (programming language) links C programming language family : false
MISRA C links C programming language family : false
NesC links C programming language family : false
Newsqueak links C programming language family : false
Not eXactly C links C programming language family : false
Not Quite C links C programming language family : false
Oak (programming language) links C programming language family : false
Objective-C links C programming language family : false
OpenACC links C programming language family : false
OpenHMPP links C programming language family : false
OpenMP links C programming language family : false
P* links C programming language family : false
P4 (programming language) links C programming language family : false
Perl links C programming language family : false
Polyphonic C Sharp links C programming language family : false
Pro*C links C programming language family : false
PROMAL links C programming language family : false
SA-C (programming language) links C programming language family : false
SAC programming language links C programming language family : false
Small-C links C programming language family : false
Spec Sharp links C programming language family : false
Split-C links C programming language family : false
Treelang links C programming language family : false
Unified Parallel C links C programming language family : false
UnitTestCg links C programming language family : false
Urbiscript links C programming language family : false
Vala (programming language) links C programming language family : false
XMTC links C programming language family : false
Tue May 09 20:17:08 CEST 2017 : end
